[debug] [2025-11-04T05:05:18.362Z] ----------------------------------------------------------------------
[debug] [2025-11-04T05:05:18.363Z] Command:       /usr/local/bin/node /usr/local/bin/firebase init
[debug] [2025-11-04T05:05:18.364Z] CLI Version:   14.19.1
[debug] [2025-11-04T05:05:18.364Z] Platform:      darwin
[debug] [2025-11-04T05:05:18.364Z] Node Version:  v22.17.1
[debug] [2025-11-04T05:05:18.364Z] Time:          Tue Nov 04 2025 10:35:18 GMT+0530 (India Standard Time)
[debug] [2025-11-04T05:05:18.364Z] ----------------------------------------------------------------------
[debug] 
[debug] [2025-11-04T05:05:18.365Z] >>> [apiv2][query] GET https://firebase-public.firebaseio.com/cli.json [none]
[info] 
     ######## #### ########  ######## ########     ###     ######  ########
     ##        ##  ##     ## ##       ##     ##  ##   ##  ##       ##
     ######    ##  ########  ######   ########  #########  ######  ######
     ##        ##  ##    ##  ##       ##     ## ##     ##       ## ##
     ##       #### ##     ## ######## ########  ##     ##  ######  ########

You're about to initialize a Firebase project in this directory:

  /Users/veer/Documents/Coding projects and files/app-1/tale-hue/tales

[debug] [2025-11-04T05:05:18.992Z] <<< [apiv2][status] GET https://firebase-public.firebaseio.com/cli.json 200
[debug] [2025-11-04T05:05:18.992Z] <<< [apiv2][body] GET https://firebase-public.firebaseio.com/cli.json {"cloudBuildErrorAfter":1594252800000,"cloudBuildWarnAfter":1590019200000,"defaultNode10After":1594252800000,"minVersion":"3.0.5","node8DeploysDisabledAfter":1613390400000,"node8RuntimeDisabledAfter":1615809600000,"node8WarnAfter":1600128000000}
[debug] [2025-11-04T05:05:26.950Z] ExitPromptError: User force closed the prompt with SIGINT
    at Interface.sigint (/usr/local/lib/node_modules/firebase-tools/node_modules/@inquirer/core/dist/commonjs/lib/create-prompt.js:101:37)
    at Interface.emit (node:events:518:28)
    at Interface.emit (node:domain:489:12)
    at [_ttyWrite] [as _ttyWrite] (node:internal/readline/interface:1132:18)
    at ReadStream.onkeypress (node:internal/readline/interface:271:20)
    at ReadStream.emit (node:events:530:35)
    at ReadStream.emit (node:domain:489:12)
    at emitKeys (node:internal/readline/utils:370:14)
    at emitKeys.next (<anonymous>)
    at ReadStream.onData (node:internal/readline/emitKeypressEvents:64:36)
[error] 
[error] Error: An unexpected error has occurred.
